<?xml version="1.0" encoding="UTF-8"?>
<!-- Generated by org.testng.reporters.JUnitReportReporter -->
<testsuite hostname="DESKTOP-5B78P41" failures="0" tests="3" name="Listeners.TestNGListenerDemo2" time="0.006" errors="0" timestamp="2020-09-28T12:25:08 IST" skipped="0">
  <testcase classname="Listeners.TestNGListenerDemo2" name="Test6" time="0.002"/>
  <system-out/>
  <testcase classname="Listeners.TestNGListenerDemo2" name="Test4" time="0.002"/>
  <system-out/>
  <testcase classname="Listeners.TestNGListenerDemo2" name="Test5" time="0.002"/>
  <system-out/>
</testsuite> <!-- Listeners.TestNGListenerDemo2 -->
