<?xml version="1.0" encoding="UTF-8"?>
<!-- Generated by org.testng.reporters.JUnitReportReporter -->
<testsuite hostname="DESKTOP-5B78P41" failures="0" tests="3" name="Demo.TestNGRetryFailedDemo" time="0.013" errors="0" timestamp="2020-09-29T16:11:38 IST" skipped="0">
  <testcase classname="Demo.TestNGRetryFailedDemo" name="test2" time="0.002"/>
  <system-out/>
  <testcase classname="Demo.TestNGRetryFailedDemo" name="test3" time="0.003"/>
  <system-out/>
  <testcase classname="Demo.TestNGRetryFailedDemo" name="test1" time="0.008"/>
  <system-out/>
</testsuite> <!-- Demo.TestNGRetryFailedDemo -->
