<?xml version="1.0" encoding="UTF-8"?>
<!-- Generated by org.testng.reporters.JUnitReportReporter -->
<testsuite hostname="DESKTOP-5B78P41" failures="0" tests="1" name="Test.TestNG_Demo" time="5.441" errors="0" timestamp="2020-09-25T14:47:44 IST" skipped="0">
  <testcase classname="Test.TestNG_Demo" name="googleSearch" time="5.441"/>
  <system-out/>
</testsuite> <!-- Test.TestNG_Demo -->
