<?xml version="1.0" encoding="UTF-8"?>
<!-- Generated by org.testng.reporters.JUnitReportReporter -->
<testsuite hostname="DESKTOP-5B78P41" failures="0" tests="1" name="Test.TestNG_Demo2" time="5.032" errors="0" timestamp="2020-09-24T14:15:00 IST" skipped="0">
  <testcase classname="Test.TestNG_Demo2" name="googleSearch3" time="5.032"/>
  <system-out/>
</testsuite> <!-- Test.TestNG_Demo2 -->
