<?xml version="1.0" encoding="UTF-8"?>
<!-- Generated by org.testng.reporters.JUnitReportReporter -->
<testsuite hostname="DESKTOP-5B78P41" failures="0" tests="1" name="Quantinsti.Quantinsti" time="48.554" errors="0" timestamp="2020-09-30T14:32:54 IST" skipped="0">
  <testcase classname="Quantinsti.Quantinsti" name="testQuantinsti" time="48.554"/>
  <system-out/>
</testsuite> <!-- Quantinsti.Quantinsti -->
