<?xml version="1.0" encoding="UTF-8"?>
<!-- Generated by org.testng.reporters.JUnitReportReporter -->
<testsuite hostname="DESKTOP-5B78P41" failures="0" tests="5" name="Demo.TestNGDependency" time="0.015" errors="0" timestamp="2020-09-29T15:52:26 IST" skipped="0">
  <testcase classname="Demo.TestNGDependency" name="test2" time="0.006"/>
  <system-out/>
  <testcase classname="Demo.TestNGDependency" name="test4" time="0.002"/>
  <system-out/>
  <testcase classname="Demo.TestNGDependency" name="test5" time="0.003"/>
  <system-out/>
  <testcase classname="Demo.TestNGDependency" name="test3" time="0.002"/>
  <system-out/>
  <testcase classname="Demo.TestNGDependency" name="test1" time="0.002"/>
  <system-out/>
</testsuite> <!-- Demo.TestNGDependency -->
