<?xml version="1.0" encoding="UTF-8"?>
<!-- Generated by org.testng.reporters.JUnitReportReporter -->
<testsuite hostname="DESKTOP-5B78P41" failures="0" tests="3" name="Demo.TestNGIgnoreDemo" time="0.007" errors="0" timestamp="2020-09-29T15:55:02 IST" skipped="1">
  <testcase classname="Demo.TestNGIgnoreDemo" name="test3" time="0.001"/>
  <system-out/>
  <testcase classname="Demo.TestNGIgnoreDemo" name="test1" time="0.006"/>
  <system-out/>
  <testcase classname="Demo.TestNGIgnoreDemo" name="test2">
    <skipped/>
  </testcase> <!-- test2 -->
  <system-out/>
</testsuite> <!-- Demo.TestNGIgnoreDemo -->
