<?xml version="1.0" encoding="UTF-8"?>
<!-- Generated by org.testng.reporters.JUnitReportReporter -->
<testsuite hostname="DESKTOP-5B78P41" failures="0" tests="1" name="Demo.TestNGParametersDemo" time="0.006" errors="0" timestamp="2020-09-28T15:50:14 IST" skipped="0">
  <testcase classname="Demo.TestNGParametersDemo" name="test1" time="0.006"/>
  <system-out/>
</testsuite> <!-- Demo.TestNGParametersDemo -->
