<?xml version="1.0" encoding="UTF-8"?>
<!-- Generated by org.testng.reporters.JUnitReportReporter -->
<testsuite hostname="DESKTOP-5B78P41" failures="0" tests="4" name="Demo.TestNGGroups" time="0.013" errors="0" timestamp="2020-09-28T15:40:43 IST" skipped="0">
  <testcase classname="Demo.TestNGGroups" name="test2" time="0.001"/>
  <system-out/>
  <testcase classname="Demo.TestNGGroups" name="test4" time="0.002"/>
  <system-out/>
  <testcase classname="Demo.TestNGGroups" name="test3" time="0.001"/>
  <system-out/>
  <testcase classname="Demo.TestNGGroups" name="test1" time="0.009"/>
  <system-out/>
</testsuite> <!-- Demo.TestNGGroups -->
