<?xml version="1.0" encoding="UTF-8"?>
<!-- Generated by org.testng.reporters.JUnitReportReporter -->
<testsuite hostname="DESKTOP-5B78P41" failures="0" tests="3" name="Demo.TestNGPriority" time="0.008" errors="0" timestamp="2020-09-28T15:02:59 IST" skipped="0">
  <testcase classname="Demo.TestNGPriority" name="one" time="0.006"/>
  <system-out/>
  <testcase classname="Demo.TestNGPriority" name="two" time="0.001"/>
  <system-out/>
  <testcase classname="Demo.TestNGPriority" name="three" time="0.001"/>
  <system-out/>
</testsuite> <!-- Demo.TestNGPriority -->
